<?xml version="1.0" encoding="UTF-8"?>
<!-- Generated by org.testng.reporters.JUnitReportReporter -->
<testsuite skipped="0" hostname="VM10" name="com.oxygenxml.h2.TestDB" tests="1" failures="0" timestamp="01 Jun 2018 13:31:33 GMT" time="0.016" errors="0">
  <testcase name="testInstallDB" time="0.016" classname="com.oxygenxml.h2.TestDB"/>
</testsuite> <!-- com.oxygenxml.h2.TestDB -->
